[0.069s] Invoking command in '/home/optimus/robot_ws/build/class_test_interfaces': CMAKE_PREFIX_PATH=${CMAKE_PREFIX_PATH}:/home/optimus/robot_ws/install/test_num:/home/optimus/robot_ws/install/move_turtle_pkg:/home/optimus/robot_ws/install/m_pubsub:/opt/ros/foxy /usr/bin/cmake --build /home/optimus/robot_ws/build/class_test_interfaces -- -j2 -l2
[0.105s] -- Found ament_cmake: 0.9.11 (/opt/ros/foxy/share/ament_cmake/cmake)
[0.147s] -- Found PythonInterp: /usr/bin/python3 (found suitable version "3.8.10", minimum required is "3") 
[0.147s] -- Using PYTHON_EXECUTABLE: /usr/bin/python3
[0.376s] -- Override CMake install command with custom implementation using symlinks instead of copying resources
[0.384s] -- Found rosidl_default_generators: 1.0.1 (/opt/ros/foxy/share/rosidl_default_generators/cmake)
[0.387s] -- Using all available rosidl_typesupport_c: rosidl_typesupport_fastrtps_c;rosidl_typesupport_introspection_c
[0.391s] -- Found rosidl_adapter: 1.3.0 (/opt/ros/foxy/share/rosidl_adapter/cmake)
[0.563s] -- Using all available rosidl_typesupport_cpp: rosidl_typesupport_fastrtps_cpp;rosidl_typesupport_introspection_cpp
[0.635s] -- Found PythonInterp: /usr/bin/python3 (found version "3.8.10") 
[0.890s] CMake Error at /opt/ros/foxy/share/rosidl_adapter/cmake/rosidl_adapt_interfaces.cmake:60 (message):
[0.892s]   execute_process(/usr/bin/python3 -m rosidl_adapter --package-name
[0.892s]   class_test_interfaces --arguments-file
[0.892s]   /home/optimus/robot_ws/build/class_test_interfaces/rosidl_adapter__arguments__class_test_interfaces.json
[0.892s]   --output-dir
[0.892s]   /home/optimus/robot_ws/build/class_test_interfaces/rosidl_adapter/class_test_interfaces
[0.892s]   --output-file
[0.892s]   /home/optimus/robot_ws/build/class_test_interfaces/rosidl_adapter/class_test_interfaces.idls)
[0.893s]   returned error code 1:
[0.893s] 
[0.893s]   Traceback (most recent call last):
[0.893s] 
[0.893s]     File "/usr/lib/python3.8/runpy.py", line 194, in _run_module_as_main
[0.893s]       return _run_code(code, main_globals, None,
[0.893s]     File "/usr/lib/python3.8/runpy.py", line 87, in _run_code
[0.893s]       exec(code, run_globals)
[0.893s]     File "/opt/ros/foxy/lib/python3.8/site-packages/rosidl_adapter/__main__.py", line 19, in <module>
[0.893s]       sys.exit(main())
[0.893s]     File "/opt/ros/foxy/lib/python3.8/site-packages/rosidl_adapter/main.py", line 53, in main
[0.894s]       abs_idl_file = convert_to_idl(
[0.894s]     File "/opt/ros/foxy/lib/python3.8/site-packages/rosidl_adapter/__init__.py", line 29, in convert_to_idl
[0.894s]       return convert_action_to_idl(
[0.894s]     File "/opt/ros/foxy/lib/python3.8/site-packages/rosidl_adapter/action/__init__.py", line 28, in convert_action_to_idl
[0.894s]       action = parse_action_string(package_name, input_file.stem, content)
[0.894s]     File "/opt/ros/foxy/lib/python3.8/site-packages/rosidl_adapter/parser.py", line 886, in parse_action_string
[0.894s]       raise InvalidActionSpecification(
[0.894s] 
[0.894s]   rosidl_adapter.parser.InvalidActionSpecification: Number of '---'
[0.894s]   separators nonconformant with action definition
[0.895s] 
[0.895s] Call Stack (most recent call first):
[0.895s]   /opt/ros/foxy/share/rosidl_cmake/cmake/rosidl_generate_interfaces.cmake:130 (rosidl_adapt_interfaces)
[0.895s]   CMakeLists.txt:21 (rosidl_generate_interfaces)
[0.895s] 
[0.895s] 
[0.896s] -- Configuring incomplete, errors occurred!
[0.896s] See also "/home/optimus/robot_ws/build/class_test_interfaces/CMakeFiles/CMakeOutput.log".
[0.903s] make: *** [Makefile:1228: cmake_check_build_system] 오류 1
[0.906s] Invoked command in '/home/optimus/robot_ws/build/class_test_interfaces' returned '2': CMAKE_PREFIX_PATH=${CMAKE_PREFIX_PATH}:/home/optimus/robot_ws/install/test_num:/home/optimus/robot_ws/install/move_turtle_pkg:/home/optimus/robot_ws/install/m_pubsub:/opt/ros/foxy /usr/bin/cmake --build /home/optimus/robot_ws/build/class_test_interfaces -- -j2 -l2
