[0.033s] Invoking command in '/home/optimus/robot_ws/build/class_test_interfaces': CMAKE_PREFIX_PATH=${CMAKE_PREFIX_PATH}:/home/optimus/robot_ws/install/test_num:/home/optimus/robot_ws/install/move_turtle_pkg:/home/optimus/robot_ws/install/m_pubsub:/opt/ros/foxy /usr/bin/cmake --build /home/optimus/robot_ws/build/class_test_interfaces -- -j2 -l2
[0.161s] -- Found ament_cmake: 0.9.11 (/opt/ros/foxy/share/ament_cmake/cmake)
[0.229s] -- Found PythonInterp: /usr/bin/python3 (found suitable version "3.8.10", minimum required is "3") 
[0.229s] -- Using PYTHON_EXECUTABLE: /usr/bin/python3
[0.503s] -- Override CMake install command with custom implementation using symlinks instead of copying resources
[0.531s] -- Found rosidl_default_generators: 1.0.1 (/opt/ros/foxy/share/rosidl_default_generators/cmake)
[0.537s] -- Using all available rosidl_typesupport_c: rosidl_typesupport_fastrtps_c;rosidl_typesupport_introspection_c
[0.545s] -- Found rosidl_adapter: 1.3.0 (/opt/ros/foxy/share/rosidl_adapter/cmake)
[0.775s] -- Using all available rosidl_typesupport_cpp: rosidl_typesupport_fastrtps_cpp;rosidl_typesupport_introspection_cpp
[0.853s] -- Found PythonInterp: /usr/bin/python3 (found version "3.8.10") 
[1.305s] CMake Error at /opt/ros/foxy/share/rosidl_adapter/cmake/rosidl_adapt_interfaces.cmake:60 (message):
[1.305s]   execute_process(/usr/bin/python3 -m rosidl_adapter --package-name
[1.306s]   class_test_interfaces --arguments-file
[1.307s]   /home/optimus/robot_ws/build/class_test_interfaces/rosidl_adapter__arguments__class_test_interfaces.json
[1.307s]   --output-dir
[1.307s]   /home/optimus/robot_ws/build/class_test_interfaces/rosidl_adapter/class_test_interfaces
[1.307s]   --output-file
[1.307s]   /home/optimus/robot_ws/build/class_test_interfaces/rosidl_adapter/class_test_interfaces.idls)
[1.307s]   returned error code 1:
[1.307s] 
[1.307s]   Traceback (most recent call last):
[1.307s] 
[1.307s]     File "/usr/lib/python3.8/runpy.py", line 194, in _run_module_as_main
[1.308s]       return _run_code(code, main_globals, None,
[1.308s]     File "/usr/lib/python3.8/runpy.py", line 87, in _run_code
[1.308s]       exec(code, run_globals)
[1.308s]     File "/opt/ros/foxy/lib/python3.8/site-packages/rosidl_adapter/__main__.py", line 19, in <module>
[1.308s]       sys.exit(main())
[1.308s]     File "/opt/ros/foxy/lib/python3.8/site-packages/rosidl_adapter/main.py", line 53, in main
[1.308s]       abs_idl_file = convert_to_idl(
[1.308s]     File "/opt/ros/foxy/lib/python3.8/site-packages/rosidl_adapter/__init__.py", line 29, in convert_to_idl
[1.308s]       return convert_action_to_idl(
[1.308s]     File "/opt/ros/foxy/lib/python3.8/site-packages/rosidl_adapter/action/__init__.py", line 28, in convert_action_to_idl
[1.308s]       action = parse_action_string(package_name, input_file.stem, content)
[1.309s]     File "/opt/ros/foxy/lib/python3.8/site-packages/rosidl_adapter/parser.py", line 886, in parse_action_string
[1.309s]       raise InvalidActionSpecification(
[1.309s] 
[1.309s]   rosidl_adapter.parser.InvalidActionSpecification: Number of '---'
[1.309s]   separators nonconformant with action definition
[1.310s] 
[1.310s] Call Stack (most recent call first):
[1.310s]   /opt/ros/foxy/share/rosidl_cmake/cmake/rosidl_generate_interfaces.cmake:130 (rosidl_adapt_interfaces)
[1.310s]   CMakeLists.txt:21 (rosidl_generate_interfaces)
[1.310s] 
[1.310s] 
[1.310s] -- Configuring incomplete, errors occurred!
[1.310s] See also "/home/optimus/robot_ws/build/class_test_interfaces/CMakeFiles/CMakeOutput.log".
[1.321s] make: *** [Makefile:1228: cmake_check_build_system] 오류 1
[1.322s] Invoked command in '/home/optimus/robot_ws/build/class_test_interfaces' returned '2': CMAKE_PREFIX_PATH=${CMAKE_PREFIX_PATH}:/home/optimus/robot_ws/install/test_num:/home/optimus/robot_ws/install/move_turtle_pkg:/home/optimus/robot_ws/install/m_pubsub:/opt/ros/foxy /usr/bin/cmake --build /home/optimus/robot_ws/build/class_test_interfaces -- -j2 -l2
